<?xml version="1.0" encoding="UTF-8"?>
<!-- Generated by org.testng.reporters.JUnitXMLReporter -->
<testsuite ignored="0" hostname="DESKTOP-AT2VVSP" failures="0" tests="3" name="Default test" time="77.615" errors="0" timestamp="2025-09-29T14:24:49 IST">
  <testcase classname="com.testcase.Home_TestCases" name="Test_selectFromdromdown" time="8.687"/>
  <testcase classname="com.testcase.Home_TestCases" name="Test_FromStationDropdwon" time="9.161"/>
  <testcase classname="com.testcase.Home_TestCases" name="Test_HhandleCalendar" time="10.965"/>
</testsuite> <!-- Default test -->
