<?xml version="1.0" encoding="UTF-8"?>
<!-- Generated by org.testng.reporters.JUnitXMLReporter -->
<testsuite ignored="0" hostname="DESKTOP-AT2VVSP" failures="0" tests="3" name="Default test" time="229.369" errors="0" timestamp="2025-09-29T13:58:00 IST">
  <testcase classname="com.testcase.Home_TestCases" name="Test_selectFromdromdown" time="24.094"/>
  <testcase classname="com.testcase.Home_TestCases" name="Test_FromStationDropdwon" time="5.852"/>
  <testcase classname="com.testcase.Home_TestCases" name="Test_HhandleCalendar" time="31.993"/>
</testsuite> <!-- Default test -->
