<?xml version="1.0" encoding="UTF-8"?>
<testng-results ignored="0" total="3" passed="3" failed="0" skipped="0">
  <reporter-output>
  </reporter-output>
  <suite started-at="2025-09-28T22:01:23 IST" name="Default suite" finished-at="2025-09-28T22:03:11 IST" duration-ms="107918">
    <groups>
    </groups>
    <test started-at="2025-09-28T22:01:23 IST" name="Default test" finished-at="2025-09-28T22:03:11 IST" duration-ms="107918">
      <class name="com.testcase.Home_TestCases">
        <test-method is-config="true" signature="GetSetup()[pri:0, instance:com.testcase.Home_TestCases@477b4cdf]" started-at="2025-09-28T22:01:23 IST" name="GetSetup" finished-at="2025-09-28T22:02:23 IST" duration-ms="60043" status="PASS">
          <reporter-output>
          </reporter-output>
        </test-method> <!-- GetSetup -->
        <test-method signature="Test_FromStationDropdwon()[pri:1, instance:com.testcase.Home_TestCases@477b4cdf]" started-at="2025-09-28T22:02:23 IST" name="Test_FromStationDropdwon" finished-at="2025-09-28T22:02:25 IST" duration-ms="1934" status="PASS">
          <reporter-output>
          </reporter-output>
        </test-method> <!-- Test_FromStationDropdwon -->
        <test-method is-config="true" signature="teardown()[pri:0, instance:com.testcase.Home_TestCases@477b4cdf]" started-at="2025-09-28T22:02:25 IST" name="teardown" finished-at="2025-09-28T22:02:27 IST" duration-ms="1440" status="PASS">
          <reporter-output>
          </reporter-output>
        </test-method> <!-- teardown -->
        <test-method is-config="true" signature="GetSetup()[pri:0, instance:com.testcase.Home_TestCases@477b4cdf]" started-at="2025-09-28T22:02:27 IST" name="GetSetup" finished-at="2025-09-28T22:02:34 IST" duration-ms="6670" status="PASS">
          <reporter-output>
          </reporter-output>
        </test-method> <!-- GetSetup -->
        <test-method signature="Test_selectFromdromdown()[pri:2, instance:com.testcase.Home_TestCases@477b4cdf]" started-at="2025-09-28T22:02:34 IST" name="Test_selectFromdromdown" finished-at="2025-09-28T22:02:46 IST" duration-ms="12939" status="PASS">
          <reporter-output>
          </reporter-output>
        </test-method> <!-- Test_selectFromdromdown -->
        <test-method is-config="true" signature="teardown()[pri:0, instance:com.testcase.Home_TestCases@477b4cdf]" started-at="2025-09-28T22:02:46 IST" name="teardown" finished-at="2025-09-28T22:02:47 IST" duration-ms="734" status="PASS">
          <reporter-output>
          </reporter-output>
        </test-method> <!-- teardown -->
        <test-method is-config="true" signature="GetSetup()[pri:0, instance:com.testcase.Home_TestCases@477b4cdf]" started-at="2025-09-28T22:02:47 IST" name="GetSetup" finished-at="2025-09-28T22:02:53 IST" duration-ms="5890" status="PASS">
          <reporter-output>
          </reporter-output>
        </test-method> <!-- GetSetup -->
        <test-method signature="Test_HhandleCalendar()[pri:3, instance:com.testcase.Home_TestCases@477b4cdf]" started-at="2025-09-28T22:02:53 IST" name="Test_HhandleCalendar" finished-at="2025-09-28T22:03:11 IST" duration-ms="17440" status="PASS">
          <reporter-output>
          </reporter-output>
        </test-method> <!-- Test_HhandleCalendar -->
        <test-method is-config="true" signature="teardown()[pri:0, instance:com.testcase.Home_TestCases@477b4cdf]" started-at="2025-09-28T22:03:11 IST" name="teardown" finished-at="2025-09-28T22:03:11 IST" duration-ms="717" status="PASS">
          <reporter-output>
          </reporter-output>
        </test-method> <!-- teardown -->
      </class> <!-- com.testcase.Home_TestCases -->
    </test> <!-- Default test -->
  </suite> <!-- Default suite -->
</testng-results>
